<?xml version="1.0" encoding="UTF-8"?>
<!-- Generated by org.testng.reporters.JUnitReportReporter -->
<testsuite skipped="0" hostname="Rishi-PC" name="azadSeleniumProg.ContexClicActionClass" tests="2" failures="0" timestamp="12 Mar 2019 11:04:13 GMT" time="100.953" errors="0">
  <testcase name="test2" time="43.350" classname="azadSeleniumProg.ContexClicActionClass"/>
  <testcase name="test" time="57.603" classname="azadSeleniumProg.ContexClicActionClass"/>
</testsuite> <!-- azadSeleniumProg.ContexClicActionClass -->
