<?xml version="1.0" encoding="UTF-8"?>
<!-- Generated by org.testng.reporters.JUnitReportReporter -->
<testsuite skipped="0" hostname="Rishi-PC" name="testNgClasses.KeyBoardMouseOperation" tests="1" failures="0" timestamp="11 May 2019 14:53:54 GMT" time="24.816" errors="0">
  <testcase name="mouseOperation" time="24.816" classname="testNgClasses.KeyBoardMouseOperation"/>
</testsuite> <!-- testNgClasses.KeyBoardMouseOperation -->
