<?xml version="1.0" encoding="UTF-8"?>
<!-- Generated by org.testng.reporters.JUnitReportReporter -->
<testsuite skipped="0" hostname="Rishi-PC" name="azadSeleniumProg.FacebookLoginPageAllignedOrNot" tests="3" failures="0" timestamp="20 Feb 2019 12:43:07 GMT" time="123.461" errors="0">
  <testcase name="focussedElement" time="39.134" classname="azadSeleniumProg.FacebookLoginPageAllignedOrNot"/>
  <testcase name="allignment" time="42.318" classname="azadSeleniumProg.FacebookLoginPageAllignedOrNot"/>
  <testcase name="VerifyHeightWidth" time="42.009" classname="azadSeleniumProg.FacebookLoginPageAllignedOrNot"/>
</testsuite> <!-- azadSeleniumProg.FacebookLoginPageAllignedOrNot -->
