<?xml version="1.0" encoding="UTF-8"?>
<!-- Generated by org.testng.reporters.JUnitReportReporter -->
<testsuite skipped="0" hostname="Rishi-PC" name="azadSeleniumProg.EnterTextIntoDisabledTextBox" tests="1" failures="0" timestamp="11 Mar 2019 14:37:21 GMT" time="14.547" errors="0">
  <testcase name="test" time="14.547" classname="azadSeleniumProg.EnterTextIntoDisabledTextBox"/>
</testsuite> <!-- azadSeleniumProg.EnterTextIntoDisabledTextBox -->
