<?xml version="1.0" encoding="UTF-8"?>
<!-- Generated by org.testng.reporters.JUnitReportReporter -->
<testsuite skipped="0" hostname="Rishi-PC" name="azadSeleniumProg.ScrollUpAndDown" tests="2" failures="0" timestamp="11 Mar 2019 17:42:45 GMT" time="112.294" errors="0">
  <testcase name="test" time="73.708" classname="azadSeleniumProg.ScrollUpAndDown"/>
  <testcase name="test2" time="38.586" classname="azadSeleniumProg.ScrollUpAndDown"/>
</testsuite> <!-- azadSeleniumProg.ScrollUpAndDown -->
