<?xml version="1.0" encoding="UTF-8"?>
<!-- Generated by org.testng.reporters.JUnitReportReporter -->
<testsuite skipped="0" hostname="Rishi-PC" name="testNgBasics.DependsOn" tests="1" failures="0" timestamp="21 Nov 2018 06:05:11 GMT" time="0.006" errors="0">
  <testcase name="login" time="0.006" classname="testNgBasics.DependsOn"/>
</testsuite> <!-- testNgBasics.DependsOn -->
