<?xml version="1.0" encoding="UTF-8"?>
<!-- Generated by org.testng.reporters.JUnitReportReporter -->
<testsuite skipped="0" hostname="Rishi-PC" name="naveenLabProg.FreeCrmTest" tests="2" failures="0" timestamp="02 Mar 2019 13:18:43 GMT" time="112.203" errors="0">
  <testcase name="LoginWithCusUserId" time="52.695" classname="naveenLabProg.FreeCrmTest"/>
  <testcase name="LoginWithAdminUserId" time="59.508" classname="naveenLabProg.FreeCrmTest"/>
</testsuite> <!-- naveenLabProg.FreeCrmTest -->
