<?xml version="1.0" encoding="UTF-8"?>
<!-- Generated by org.testng.reporters.JUnitReportReporter -->
<testsuite skipped="0" hostname="Rishi-PC" name="azadSeleniumProg.ErrorMsgColor" tests="1" failures="0" timestamp="11 Mar 2019 11:57:55 GMT" time="53.200" errors="0">
  <testcase name="test" time="53.200" classname="azadSeleniumProg.ErrorMsgColor"/>
</testsuite> <!-- azadSeleniumProg.ErrorMsgColor -->
