<?xml version="1.0" encoding="UTF-8"?>
<!-- Generated by org.testng.reporters.JUnitReportReporter -->
<testsuite skipped="0" hostname="Rishi-PC" name="azadSeleniumProg.ActiTimeTest" tests="3" failures="0" timestamp="20 Feb 2019 10:58:17 GMT" time="148.130" errors="0">
  <testcase name="currentUrl" time="48.892" classname="azadSeleniumProg.ActiTimeTest"/>
  <testcase name="titleTest" time="50.826" classname="azadSeleniumProg.ActiTimeTest"/>
  <testcase name="VerifyHomePageUsingUniqueElement" time="48.412" classname="azadSeleniumProg.ActiTimeTest"/>
</testsuite> <!-- azadSeleniumProg.ActiTimeTest -->
