<?xml version="1.0" encoding="UTF-8"?>
<!-- Generated by org.testng.reporters.JUnitReportReporter -->
<testsuite skipped="0" hostname="Rishi-PC" name="azadSeleniumProg.EnterTextIntoDisabledTextBox" tests="1" failures="0" timestamp="19 Apr 2019 11:49:50 GMT" time="14.498" errors="0">
  <testcase name="test" time="14.498" classname="azadSeleniumProg.EnterTextIntoDisabledTextBox"/>
</testsuite> <!-- azadSeleniumProg.EnterTextIntoDisabledTextBox -->
