<?xml version="1.0" encoding="UTF-8"?>
<!-- Generated by org.testng.reporters.JUnitReportReporter -->
<testsuite skipped="0" hostname="Rishi-PC" name="aprPractice.FaceBookScreenShort" tests="1" failures="0" timestamp="06 May 2019 14:29:14 GMT" time="14.551" errors="0">
  <testcase name="captureScreenShort" time="14.551" classname="aprPractice.FaceBookScreenShort"/>
</testsuite> <!-- aprPractice.FaceBookScreenShort -->
