<?xml version="1.0" encoding="UTF-8"?>
<!-- Generated by org.testng.reporters.JUnitReportReporter -->
<testsuite skipped="0" hostname="Rishi-PC" name="testNgBasics.TestNgTest" tests="2" failures="0" timestamp="21 Nov 2018 06:05:11 GMT" time="0.005" errors="0">
  <testcase name="test1" time="0.003" classname="testNgBasics.TestNgTest"/>
  <testcase name="test2" time="0.002" classname="testNgBasics.TestNgTest"/>
</testsuite> <!-- testNgBasics.TestNgTest -->
