<?xml version="1.0" encoding="UTF-8"?>
<!-- Generated by org.testng.reporters.JUnitReportReporter -->
<testsuite skipped="0" hostname="Rishi-PC" name="testNgBasics.InvocationCount" tests="10" failures="0" timestamp="21 Nov 2018 06:05:11 GMT" time="0.020" errors="0">
  <testcase name="add" time="0.002" classname="testNgBasics.InvocationCount"/>
  <testcase name="add" time="0.002" classname="testNgBasics.InvocationCount"/>
  <testcase name="add" time="0.001" classname="testNgBasics.InvocationCount"/>
  <testcase name="add" time="0.003" classname="testNgBasics.InvocationCount"/>
  <testcase name="add" time="0.002" classname="testNgBasics.InvocationCount"/>
  <testcase name="add" time="0.001" classname="testNgBasics.InvocationCount"/>
  <testcase name="add" time="0.002" classname="testNgBasics.InvocationCount"/>
  <testcase name="add" time="0.002" classname="testNgBasics.InvocationCount"/>
  <testcase name="add" time="0.002" classname="testNgBasics.InvocationCount"/>
  <testcase name="add" time="0.003" classname="testNgBasics.InvocationCount"/>
</testsuite> <!-- testNgBasics.InvocationCount -->
