<?xml version="1.0" encoding="UTF-8"?>
<!-- Generated by org.testng.reporters.JUnitReportReporter -->
<testsuite skipped="0" hostname="Rishi-PC" name="testNgBasics.GoogleTitleTest" tests="7" failures="0" timestamp="21 Nov 2018 06:15:06 GMT" time="313.589" errors="0">
  <testcase name="titleTest" time="56.661" classname="testNgBasics.GoogleTitleTest"/>
  <testcase name="googleLogoTest" time="41.748" classname="testNgBasics.GoogleTitleTest"/>
  <testcase name="mailLinkText" time="42.394" classname="testNgBasics.GoogleTitleTest"/>
  <testcase name="getUrl" time="44.783" classname="testNgBasics.GoogleTitleTest"/>
  <testcase name="test1" time="48.350" classname="testNgBasics.GoogleTitleTest"/>
  <testcase name="test2" time="39.834" classname="testNgBasics.GoogleTitleTest"/>
  <testcase name="test3" time="39.819" classname="testNgBasics.GoogleTitleTest"/>
</testsuite> <!-- testNgBasics.GoogleTitleTest -->
