<?xml version="1.0" encoding="UTF-8"?>
<!-- Generated by org.testng.reporters.JUnitReportReporter -->
<testsuite skipped="0" hostname="Rishi-PC" name="testNgClasses.GoogleSearch" tests="1" failures="0" timestamp="11 May 2019 14:53:54 GMT" time="11.696" errors="0">
  <testcase name="googleSearch" time="11.696" classname="testNgClasses.GoogleSearch"/>
</testsuite> <!-- testNgClasses.GoogleSearch -->
