<?xml version="1.0" encoding="UTF-8"?>
<!-- Generated by org.testng.reporters.JUnitReportReporter -->
<testsuite skipped="0" hostname="Rishi-PC" name="naveenLabProg.FreeCrmTest" tests="2" failures="0" timestamp="11 May 2019 16:36:16 GMT" time="50.627" errors="0">
  <testcase name="LoginWithCusUserId" time="22.841" classname="naveenLabProg.FreeCrmTest"/>
  <testcase name="LoginWithAdminUserId" time="27.786" classname="naveenLabProg.FreeCrmTest"/>
</testsuite> <!-- naveenLabProg.FreeCrmTest -->
